2026-05-17 16:27:10,959 INFO:__main__:Writing training log to output/lora/logs/train_20260517T162710Z.log
Traceback (most recent call last):
  File "<frozen runpy>", line 198, in _run_module_as_main
  File "<frozen runpy>", line 88, in _run_code
  File "/root/exact2026/exact2026/train/train_lora.py", line 225, in <module>
    main()
  File "/root/exact2026/exact2026/train/train_lora.py", line 154, in main
    from peft import LoraConfig, get_peft_model
  File "/root/exact2026/.venv/lib/python3.12/site-packages/peft/__init__.py", line 17, in <module>
    from .auto import (
  File "/root/exact2026/.venv/lib/python3.12/site-packages/peft/auto.py", line 21, in <module>
    from transformers import (
  File "<frozen importlib._bootstrap>", line 1412, in _handle_fromlist
  File "/root/exact2026/.venv/lib/python3.12/site-packages/transformers/utils/import_utils.py", line 2226, in __getattr__
    module = self._get_module(self._class_to_module[name])
             ^^^^^^^^^^^^^^^^^^^^^^^^^^^^^^^^^^^^^^^^^^^^^
  File "/root/exact2026/.venv/lib/python3.12/site-packages/transformers/utils/import_utils.py", line 2458, in _get_module
    return importlib.import_module("." + module_name, self.__name__)
           ^^^^^^^^^^^^^^^^^^^^^^^^^^^^^^^^^^^^^^^^^^^^^^^^^^^^^^^^^
  File "/usr/lib/python3.12/importlib/__init__.py", line 90, in import_module
    return _bootstrap._gcd_import(name[level:], package, level)
           ^^^^^^^^^^^^^^^^^^^^^^^^^^^^^^^^^^^^^^^^^^^^^^^^^^^^
  File "/root/exact2026/.venv/lib/python3.12/site-packages/transformers/models/__init__.py", line 485, in <module>
    sys.modules[__name__] = _LazyModule(__name__, _file, define_import_structure(_file), module_spec=__spec__)
                                                         ^^^^^^^^^^^^^^^^^^^^^^^^^^^^^^
  File "/root/exact2026/.venv/lib/python3.12/site-packages/transformers/utils/import_utils.py", line 2999, in define_import_structure
    import_structure = create_import_structure_from_path(module_path)
                       ^^^^^^^^^^^^^^^^^^^^^^^^^^^^^^^^^^^^^^^^^^^^^^
  File "/root/exact2026/.venv/lib/python3.12/site-packages/transformers/utils/import_utils.py", line 2716, in create_import_structure_from_path
    import_structure[entry.name] = create_import_structure_from_path(entry.path)
                                   ^^^^^^^^^^^^^^^^^^^^^^^^^^^^^^^^^^^^^^^^^^^^^
  File "/root/exact2026/.venv/lib/python3.12/site-packages/transformers/utils/import_utils.py", line 2746, in create_import_structure_from_path
    if check(module_name, file_content):
       ^^^^^^^^^^^^^^^^^^^^^^^^^^^^^^^^
KeyboardInterrupt
